\BOOKMARK [1][-]{section.1}{\376\377\000I\000n\000t\000r\000o\000d\000u\000c\000t\000i\000o\000n}{}% 1
\BOOKMARK [1][-]{section.2}{\376\377\000S\000c\000o\000p\000e}{}% 2
\BOOKMARK [2][-]{subsection.2.1}{\376\377\000I\000n\000\040\000s\000c\000o\000p\000e}{section.2}% 3
\BOOKMARK [2][-]{subsection.2.2}{\376\377\000O\000u\000t\000\040\000o\000f\000\040\000s\000c\000o\000p\000e}{section.2}% 4
\BOOKMARK [1][-]{section.3}{\376\377\000T\000e\000r\000m\000i\000n\000o\000l\000o\000g\000y\000\040\000a\000n\000d\000\040\000c\000o\000n\000v\000e\000n\000t\000i\000o\000n\000s}{}% 5
\BOOKMARK [1][-]{section.4}{\376\377\000D\000e\000f\000i\000n\000i\000t\000i\000o\000n\000\040\000o\000f\000\040\000a\000\040\000q\000u\000a\000l\000i\000f\000y\000i\000n\000g\000\040\000v\000a\000r\000i\000a\000n\000t\000\040\000s\000e\000t}{}% 6
\BOOKMARK [1][-]{section.5}{\376\377\000Q\000V\000\040\000s\000e\000t\000\040\000s\000t\000r\000u\000c\000t\000u\000r\000e}{}% 7
\BOOKMARK [2][-]{subsection.5.1}{\376\377\000I\000d\000e\000n\000t\000i\000t\000y\000\040\000f\000i\000e\000l\000d\000s}{section.5}% 8
\BOOKMARK [2][-]{subsection.5.2}{\376\377\000C\000o\000n\000t\000e\000x\000t}{section.5}% 9
\BOOKMARK [2][-]{subsection.5.3}{\376\377\000I\000n\000p\000u\000t\000s}{section.5}% 10
\BOOKMARK [2][-]{subsection.5.4}{\376\377\000Q\000u\000a\000l\000i\000f\000i\000c\000a\000t\000i\000o\000n}{section.5}% 11
\BOOKMARK [2][-]{subsection.5.5}{\376\377\000R\000u\000l\000e\000s}{section.5}% 12
\BOOKMARK [2][-]{subsection.5.6}{\376\377\000D\000e\000s\000c\000r\000i\000p\000t\000i\000o\000n\000s\000\040\000a\000n\000d\000\040\000n\000o\000t\000e\000s}{section.5}% 13
\BOOKMARK [1][-]{section.6}{\376\377\000P\000r\000o\000f\000i\000l\000e\000s\000\040\000a\000n\000d\000\040\000e\000x\000t\000e\000n\000s\000i\000o\000n\000s}{}% 14
\BOOKMARK [1][-]{section.7}{\376\377\000R\000u\000l\000e\000\040\000r\000e\000p\000r\000e\000s\000e\000n\000t\000a\000t\000i\000o\000n}{}% 15
\BOOKMARK [2][-]{subsection.7.1}{\376\377\000A\000t\000o\000m\000i\000c\000\040\000c\000o\000m\000p\000a\000r\000i\000s\000o\000n\000\040\000c\000o\000n\000d\000i\000t\000i\000o\000n\000s}{section.7}% 16
\BOOKMARK [2][-]{subsection.7.2}{\376\377\000D\000a\000t\000a\000t\000y\000p\000e\000s}{section.7}% 17
\BOOKMARK [2][-]{subsection.7.3}{\376\377\000L\000o\000g\000i\000c\000a\000l\000\040\000o\000p\000e\000r\000a\000t\000o\000r\000s}{section.7}% 18
\BOOKMARK [2][-]{subsection.7.4}{\376\377\000C\000o\000m\000p\000a\000r\000i\000s\000o\000n\000\040\000o\000p\000e\000r\000a\000t\000o\000r\000s}{section.7}% 19
\BOOKMARK [2][-]{subsection.7.5}{\376\377\000A\000g\000g\000r\000e\000g\000a\000t\000i\000o\000n\000\040\000s\000t\000a\000t\000e\000m\000e\000n\000t\000s}{section.7}% 20
\BOOKMARK [2][-]{subsection.7.6}{\376\377\000E\000x\000t\000e\000r\000n\000a\000l\000\040\000p\000r\000e\000d\000i\000c\000a\000t\000e\000s}{section.7}% 21
\BOOKMARK [2][-]{subsection.7.7}{\376\377\000M\000i\000s\000s\000i\000n\000g\000\040\000v\000a\000l\000u\000e\000s}{section.7}% 22
\BOOKMARK [2][-]{subsection.7.8}{\376\377\000U\000n\000k\000n\000o\000w\000n\000\040\000o\000u\000t\000c\000o\000m\000e\000\040\000p\000r\000o\000p\000a\000g\000a\000t\000i\000o\000n}{section.7}% 23
\BOOKMARK [2][-]{subsection.7.9}{\376\377\000R\000u\000l\000e\000\040\000o\000u\000t\000c\000o\000m\000e\000s}{section.7}% 24
\BOOKMARK [1][-]{section.8}{\376\377\000I\000n\000t\000e\000g\000r\000i\000t\000y\000\040\000a\000n\000d\000\040\000p\000r\000o\000v\000e\000n\000a\000n\000c\000e\000\040\000r\000e\000q\000u\000i\000r\000e\000m\000e\000n\000t\000s}{}% 25
\BOOKMARK [1][-]{section.9}{\376\377\000Q\000V\000\040\000p\000u\000b\000l\000i\000c\000a\000t\000i\000o\000n\000\040\000a\000n\000d\000\040\000r\000e\000g\000i\000s\000t\000r\000y\000\040\000r\000e\000c\000o\000r\000d\000s}{}% 26
\BOOKMARK [1][-]{section.10}{\376\377\000Q\000V\000\040\000a\000p\000p\000l\000i\000c\000a\000t\000i\000o\000n\000\040\000r\000e\000c\000o\000r\000d}{}% 27
\BOOKMARK [1][-]{section.11}{\376\377\000C\000o\000n\000f\000o\000r\000m\000a\000n\000c\000e\000\040\000r\000e\000q\000u\000i\000r\000e\000m\000e\000n\000t\000s}{}% 28
\BOOKMARK [1][-]{section.12}{\376\377\000E\000x\000a\000m\000p\000l\000e\000s}{}% 29
\BOOKMARK [2][-]{subsection.12.1}{\376\377\000M\000i\000n\000i\000m\000a\000l\000\040\000c\000o\000r\000e\000\040\000Q\000V\000\040\000s\000e\000t}{section.12}% 30
\BOOKMARK [2][-]{subsection.12.2}{\376\377\000G\000r\000o\000u\000p\000e\000d\000\040\000Q\000V\000\040\000s\000e\000t\000\040\000l\000a\000y\000o\000u\000t}{section.12}% 31
\BOOKMARK [2][-]{subsection.12.3}{\376\377\000P\000r\000o\000f\000i\000l\000e\000-\000d\000e\000f\000i\000n\000e\000d\000\040\000a\000g\000g\000r\000e\000g\000a\000t\000i\000o\000n}{section.12}% 32
\BOOKMARK [2][-]{subsection.12.4}{\376\377\000Q\000V\000\040\000a\000p\000p\000l\000i\000c\000a\000t\000i\000o\000n\000\040\000r\000e\000c\000o\000r\000d}{section.12}% 33
\BOOKMARK [1][-]{section.13}{\376\377\000C\000o\000m\000p\000a\000t\000i\000b\000i\000l\000i\000t\000y\000\040\000w\000i\000t\000h\000\040\000a\000u\000t\000h\000o\000r\000i\000n\000g\000\040\000s\000y\000n\000t\000a\000x}{}% 34
\BOOKMARK [1][-]{section.14}{\376\377\000N\000o\000n\000-\000g\000o\000a\000l\000s\000\040\000a\000n\000d\000\040\000i\000n\000t\000e\000r\000p\000r\000e\000t\000a\000t\000i\000o\000n}{}% 35
\BOOKMARK [1][-]{section.15}{\376\377\000V\000e\000r\000s\000i\000o\000n\000i\000n\000g}{}% 36
